0 info it worked if it ends with ok
1 verbose cli [ '/Users/sanketsingh/.nvm/versions/node/v6.5.0/bin/node',
1 verbose cli   '/Users/sanketsingh/.nvm/versions/node/v6.5.0/bin/npm',
1 verbose cli   'start' ]
2 info using npm@3.10.3
3 info using node@v6.5.0
4 verbose run-script [ 'prestart', 'start', 'poststart' ]
5 info lifecycle api@1.0.0~prestart: api@1.0.0
6 silly lifecycle api@1.0.0~prestart: no script for prestart, continuing
7 info lifecycle api@1.0.0~start: api@1.0.0
8 verbose lifecycle api@1.0.0~start: unsafe-perm in lifecycle true
9 verbose lifecycle api@1.0.0~start: PATH: /Users/sanketsingh/.nvm/versions/node/v6.5.0/lib/node_modules/npm/bin/node-gyp-bin:/Users/sanketsingh/Documents/ReactJSPractice/Streams/api/node_modules/.bin:/Users/sanketsingh/.nvm/versions/node/v6.5.0/bin:/Users/sanketsingh/.nvm/versions/node/v6.5.0/bin:/Users/sanketsingh/.rvm/gems/ruby-2.4.0/bin:/Users/sanketsingh/.rvm/gems/ruby-2.4.0@global/bin:/Users/sanketsingh/.rvm/rubies/ruby-2.4.0/bin:/anaconda3/bin:/anaconda3/condabin:/usr/local/bin:/usr/bin:/bin:/usr/sbin:/sbin:/Users/sanketsingh/.rvm/bin:/usr/local/mysql/bin/:/usr/local/mongodb/bin
10 verbose lifecycle api@1.0.0~start: CWD: /Users/sanketsingh/Documents/ReactJSPractice/Streams/api
11 silly lifecycle api@1.0.0~start: Args: [ '-c', 'json-server -p 3001 -w db.json' ]
12 silly lifecycle api@1.0.0~start: Returned: code: 1  signal: null
13 info lifecycle api@1.0.0~start: Failed to exec start script
14 verbose stack Error: api@1.0.0 start: `json-server -p 3001 -w db.json`
14 verbose stack Exit status 1
14 verbose stack     at EventEmitter.<anonymous> (/Users/sanketsingh/.nvm/versions/node/v6.5.0/lib/node_modules/npm/lib/utils/lifecycle.js:242:16)
14 verbose stack     at emitTwo (events.js:106:13)
14 verbose stack     at EventEmitter.emit (events.js:191:7)
14 verbose stack     at ChildProcess.<anonymous> (/Users/sanketsingh/.nvm/versions/node/v6.5.0/lib/node_modules/npm/lib/utils/spawn.js:40:14)
14 verbose stack     at emitTwo (events.js:106:13)
14 verbose stack     at ChildProcess.emit (events.js:191:7)
14 verbose stack     at maybeClose (internal/child_process.js:877:16)
14 verbose stack     at Process.ChildProcess._handle.onexit (internal/child_process.js:226:5)
15 verbose pkgid api@1.0.0
16 verbose cwd /Users/sanketsingh/Documents/ReactJSPractice/Streams/api
17 error Darwin 18.2.0
18 error argv "/Users/sanketsingh/.nvm/versions/node/v6.5.0/bin/node" "/Users/sanketsingh/.nvm/versions/node/v6.5.0/bin/npm" "start"
19 error node v6.5.0
20 error npm  v3.10.3
21 error code ELIFECYCLE
22 error api@1.0.0 start: `json-server -p 3001 -w db.json`
22 error Exit status 1
23 error Failed at the api@1.0.0 start script 'json-server -p 3001 -w db.json'.
23 error Make sure you have the latest version of node.js and npm installed.
23 error If you do, this is most likely a problem with the api package,
23 error not with npm itself.
23 error Tell the author that this fails on your system:
23 error     json-server -p 3001 -w db.json
23 error You can get information on how to open an issue for this project with:
23 error     npm bugs api
23 error Or if that isn't available, you can get their info via:
23 error     npm owner ls api
23 error There is likely additional logging output above.
24 verbose exit [ 1, true ]
